<testsuites id="" name="" tests="8" failures="0" skipped="0" errors="0" time="41.120067">
<testsuite name="recette\p2-instruction.spec.ts" timestamp="2026-07-27T22:59:24.011Z" hostname="chromium" tests="5" failures="0" skipped="0" time="141.092" errors="0">
<testcase name="P2 — Agent instructeur › TC-P2-01 — prise en charge d&apos;un dossier en file d&apos;attente" classname="recette\p2-instruction.spec.ts" time="29.316">
</testcase>
<testcase name="P2 — Agent instructeur › TC-P2-02 — instruction détaillée : pièces, commentaire, montant, PIN, valider étape" classname="recette\p2-instruction.spec.ts" time="29.555">
</testcase>
<testcase name="P2 — Agent instructeur › TC-P2-03 — demander un complément motivé au bénéficiaire" classname="recette\p2-instruction.spec.ts" time="23.293">
</testcase>
<testcase name="P2 — Agent instructeur › TC-P2-04 — rejeter une demande avec motif obligatoire + PIN" classname="recette\p2-instruction.spec.ts" time="31.306">
</testcase>
<testcase name="P2 — Agent instructeur › TC-P2-05 — file d&apos;instruction filtrée et RLS (agent_ci vs agent_dgbf)" classname="recette\p2-instruction.spec.ts" time="27.622">
</testcase>
</testsuite>
<testsuite name="recette\p5-audit.spec.ts" timestamp="2026-07-27T22:59:24.011Z" hostname="chromium" tests="3" failures="0" skipped="0" time="47.348" errors="0">
<testcase name="P5 — Audit &amp; Contrôle › TC-P5-01 — dashboard contrôle et anomalies par gravité" classname="recette\p5-audit.spec.ts" time="23.145">
</testcase>
<testcase name="P5 — Audit &amp; Contrôle › TC-P5-02 — journal d&apos;audit et vérification de la chaîne SHA-256" classname="recette\p5-audit.spec.ts" time="12.421">
</testcase>
<testcase name="P5 — Audit &amp; Contrôle › TC-P5-03 — consultation d&apos;un dossier en lecture seule (aucune action)" classname="recette\p5-audit.spec.ts" time="11.782">
</testcase>
</testsuite>
</testsuites>