<testsuites id="" name="" tests="64" failures="0" skipped="64" errors="0" time="0.21885300000000008">
<testsuite name="auth.spec.ts" timestamp="2026-06-27T00:38:52.755Z" hostname="chromium" tests="8" failures="0" skipped="8" time="0" errors="0">
<testcase name="Authentification › login bénéficiaire établit la session sans erreur" classname="auth.spec.ts">
<skipped>
</skipped>
</testcase>
<testcase name="Authentification › login agent OTR établit la session sans erreur" classname="auth.spec.ts">
<skipped>
</skipped>
</testcase>
<testcase name="Authentification › flux MFA complet : login → saisie OTP → dashboard portail" classname="auth.spec.ts">
<skipped>
</skipped>
</testcase>
<testcase name="Authentification › message d&apos;erreur et compteur de tentatives sur échec de login" classname="auth.spec.ts">
<skipped>
</skipped>
</testcase>
<testcase name="Authentification › état de chargement pendant la soumission du login" classname="auth.spec.ts">
<skipped>
</skipped>
</testcase>
<testcase name="Authentification › validation du formulaire : e-mail requis et format valide" classname="auth.spec.ts">
<skipped>
</skipped>
</testcase>
<testcase name="Authentification › un utilisateur non authentifié est renvoyé vers /login" classname="auth.spec.ts">
<skipped>
</skipped>
</testcase>
<testcase name="Authentification › un utilisateur avec un rôle insuffisant est renvoyé vers /login" classname="auth.spec.ts">
<skipped>
</skipped>
</testcase>
</testsuite>
<testsuite name="dashboards.spec.ts" timestamp="2026-06-27T00:38:52.755Z" hostname="chromium" tests="11" failures="0" skipped="11" time="0" errors="0">
<testcase name="Dashboards P1 / P2 / P3 / P4 / P5 / P7 › P1 — Portail bénéficiaire : KPIs, filtres et liste de demandes" classname="dashboards.spec.ts">
<skipped>
</skipped>
</testcase>
<testcase name="Dashboards P1 / P2 / P3 / P4 / P5 / P7 › P2 — Back-office OTR : file de traitement et alertes" classname="dashboards.spec.ts">
<skipped>
</skipped>
</testcase>
<testcase name="Dashboards P1 / P2 / P3 / P4 / P5 / P7 › P3 — Agence : conventions actives et zones franches" classname="dashboards.spec.ts">
<skipped>
</skipped>
</testcase>
<testcase name="Dashboards P1 / P2 / P3 / P4 / P5 / P7 › P4 — Décideur : KPIs stratégiques, évolution et top secteurs" classname="dashboards.spec.ts">
<skipped>
</skipped>
</testcase>
<testcase name="Dashboards P1 / P2 / P3 / P4 / P5 / P7 › P5 — Audit : anomalies prioritaires et missions" classname="dashboards.spec.ts">
<skipped>
</skipped>
</testcase>
<testcase name="Dashboards P1 / P2 / P3 / P4 / P5 / P7 › P7 — Admin : gestion des utilisateurs avec KPIs et tableau" classname="dashboards.spec.ts">
<skipped>
</skipped>
</testcase>
<testcase name="Dashboards P1 / P2 / P3 / P4 / P5 / P7 › P1 — état de chargement visible pendant le fetch des demandes" classname="dashboards.spec.ts">
<skipped>
</skipped>
</testcase>
<testcase name="Dashboards P1 / P2 / P3 / P4 / P5 / P7 › P4 — état de chargement visible pendant le fetch des indicateurs" classname="dashboards.spec.ts">
<skipped>
</skipped>
</testcase>
<testcase name="Dashboards P1 / P2 / P3 / P4 / P5 / P7 › P1 — message d&apos;erreur si le backend des demandes échoue" classname="dashboards.spec.ts">
<skipped>
</skipped>
</testcase>
<testcase name="Dashboards P1 / P2 / P3 / P4 / P5 / P7 › P5 — message d&apos;erreur si le backend des anomalies échoue" classname="dashboards.spec.ts">
<skipped>
</skipped>
</testcase>
<testcase name="Dashboards P1 / P2 / P3 / P4 / P5 / P7 › P7 — message d&apos;erreur si le backend des utilisateurs échoue" classname="dashboards.spec.ts">
<skipped>
</skipped>
</testcase>
</testsuite>
<testsuite name="navigation.spec.ts" timestamp="2026-06-27T00:38:52.755Z" hostname="chromium" tests="9" failures="0" skipped="9" time="0" errors="0">
<testcase name="Navigation par rôle › P1 : menu contribuable affiche les bonnes entrées" classname="navigation.spec.ts">
<skipped>
</skipped>
</testcase>
<testcase name="Navigation par rôle › P2 : menu agent_otr affiche les bonnes entrées" classname="navigation.spec.ts">
<skipped>
</skipped>
</testcase>
<testcase name="Navigation par rôle › P3 : menu agence affiche les bonnes entrées" classname="navigation.spec.ts">
<skipped>
</skipped>
</testcase>
<testcase name="Navigation par rôle › P4 : menu decideur affiche les bonnes entrées" classname="navigation.spec.ts">
<skipped>
</skipped>
</testcase>
<testcase name="Navigation par rôle › P5 : menu auditeur affiche les bonnes entrées" classname="navigation.spec.ts">
<skipped>
</skipped>
</testcase>
<testcase name="Navigation par rôle › P7 : menu admin affiche les bonnes entrées" classname="navigation.spec.ts">
<skipped>
</skipped>
</testcase>
<testcase name="Navigation par rôle › le sélecteur de persona permet de basculer vers un autre espace" classname="navigation.spec.ts">
<skipped>
</skipped>
</testcase>
<testcase name="Navigation par rôle › les liens du menu redirigent vers les bonnes pages" classname="navigation.spec.ts">
<skipped>
</skipped>
</testcase>
<testcase name="Navigation par rôle › déconnexion via la sidebar redirige vers /login" classname="navigation.spec.ts">
<skipped>
</skipped>
</testcase>
</testsuite>
<testsuite name="utilisateurs.spec.ts" timestamp="2026-06-27T00:38:52.755Z" hostname="chromium" tests="4" failures="0" skipped="4" time="0" errors="0">
<testcase name="Formulaire création utilisateur (P7 — Admin) › ouvrir le dialogue de création de compte" classname="utilisateurs.spec.ts">
<skipped>
</skipped>
</testcase>
<testcase name="Formulaire création utilisateur (P7 — Admin) › créer un nouvel utilisateur et le voir dans le tableau" classname="utilisateurs.spec.ts">
<skipped>
</skipped>
</testcase>
<testcase name="Formulaire création utilisateur (P7 — Admin) › annuler la création ferme le dialogue sans ajouter d&apos;utilisateur" classname="utilisateurs.spec.ts">
<skipped>
</skipped>
</testcase>
<testcase name="Formulaire création utilisateur (P7 — Admin) › message d&apos;erreur si la création échoue côté API" classname="utilisateurs.spec.ts">
<skipped>
</skipped>
</testcase>
</testsuite>
<testsuite name="auth.spec.ts" timestamp="2026-06-27T00:38:52.755Z" hostname="firefox" tests="8" failures="0" skipped="8" time="0" errors="0">
<testcase name="Authentification › login bénéficiaire établit la session sans erreur" classname="auth.spec.ts">
<skipped>
</skipped>
</testcase>
<testcase name="Authentification › login agent OTR établit la session sans erreur" classname="auth.spec.ts">
<skipped>
</skipped>
</testcase>
<testcase name="Authentification › flux MFA complet : login → saisie OTP → dashboard portail" classname="auth.spec.ts">
<skipped>
</skipped>
</testcase>
<testcase name="Authentification › message d&apos;erreur et compteur de tentatives sur échec de login" classname="auth.spec.ts">
<skipped>
</skipped>
</testcase>
<testcase name="Authentification › état de chargement pendant la soumission du login" classname="auth.spec.ts">
<skipped>
</skipped>
</testcase>
<testcase name="Authentification › validation du formulaire : e-mail requis et format valide" classname="auth.spec.ts">
<skipped>
</skipped>
</testcase>
<testcase name="Authentification › un utilisateur non authentifié est renvoyé vers /login" classname="auth.spec.ts">
<skipped>
</skipped>
</testcase>
<testcase name="Authentification › un utilisateur avec un rôle insuffisant est renvoyé vers /login" classname="auth.spec.ts">
<skipped>
</skipped>
</testcase>
</testsuite>
<testsuite name="dashboards.spec.ts" timestamp="2026-06-27T00:38:52.755Z" hostname="firefox" tests="11" failures="0" skipped="11" time="0" errors="0">
<testcase name="Dashboards P1 / P2 / P3 / P4 / P5 / P7 › P1 — Portail bénéficiaire : KPIs, filtres et liste de demandes" classname="dashboards.spec.ts">
<skipped>
</skipped>
</testcase>
<testcase name="Dashboards P1 / P2 / P3 / P4 / P5 / P7 › P2 — Back-office OTR : file de traitement et alertes" classname="dashboards.spec.ts">
<skipped>
</skipped>
</testcase>
<testcase name="Dashboards P1 / P2 / P3 / P4 / P5 / P7 › P3 — Agence : conventions actives et zones franches" classname="dashboards.spec.ts">
<skipped>
</skipped>
</testcase>
<testcase name="Dashboards P1 / P2 / P3 / P4 / P5 / P7 › P4 — Décideur : KPIs stratégiques, évolution et top secteurs" classname="dashboards.spec.ts">
<skipped>
</skipped>
</testcase>
<testcase name="Dashboards P1 / P2 / P3 / P4 / P5 / P7 › P5 — Audit : anomalies prioritaires et missions" classname="dashboards.spec.ts">
<skipped>
</skipped>
</testcase>
<testcase name="Dashboards P1 / P2 / P3 / P4 / P5 / P7 › P7 — Admin : gestion des utilisateurs avec KPIs et tableau" classname="dashboards.spec.ts">
<skipped>
</skipped>
</testcase>
<testcase name="Dashboards P1 / P2 / P3 / P4 / P5 / P7 › P1 — état de chargement visible pendant le fetch des demandes" classname="dashboards.spec.ts">
<skipped>
</skipped>
</testcase>
<testcase name="Dashboards P1 / P2 / P3 / P4 / P5 / P7 › P4 — état de chargement visible pendant le fetch des indicateurs" classname="dashboards.spec.ts">
<skipped>
</skipped>
</testcase>
<testcase name="Dashboards P1 / P2 / P3 / P4 / P5 / P7 › P1 — message d&apos;erreur si le backend des demandes échoue" classname="dashboards.spec.ts">
<skipped>
</skipped>
</testcase>
<testcase name="Dashboards P1 / P2 / P3 / P4 / P5 / P7 › P5 — message d&apos;erreur si le backend des anomalies échoue" classname="dashboards.spec.ts">
<skipped>
</skipped>
</testcase>
<testcase name="Dashboards P1 / P2 / P3 / P4 / P5 / P7 › P7 — message d&apos;erreur si le backend des utilisateurs échoue" classname="dashboards.spec.ts">
<skipped>
</skipped>
</testcase>
</testsuite>
<testsuite name="navigation.spec.ts" timestamp="2026-06-27T00:38:52.755Z" hostname="firefox" tests="9" failures="0" skipped="9" time="0" errors="0">
<testcase name="Navigation par rôle › P1 : menu contribuable affiche les bonnes entrées" classname="navigation.spec.ts">
<skipped>
</skipped>
</testcase>
<testcase name="Navigation par rôle › P2 : menu agent_otr affiche les bonnes entrées" classname="navigation.spec.ts">
<skipped>
</skipped>
</testcase>
<testcase name="Navigation par rôle › P3 : menu agence affiche les bonnes entrées" classname="navigation.spec.ts">
<skipped>
</skipped>
</testcase>
<testcase name="Navigation par rôle › P4 : menu decideur affiche les bonnes entrées" classname="navigation.spec.ts">
<skipped>
</skipped>
</testcase>
<testcase name="Navigation par rôle › P5 : menu auditeur affiche les bonnes entrées" classname="navigation.spec.ts">
<skipped>
</skipped>
</testcase>
<testcase name="Navigation par rôle › P7 : menu admin affiche les bonnes entrées" classname="navigation.spec.ts">
<skipped>
</skipped>
</testcase>
<testcase name="Navigation par rôle › le sélecteur de persona permet de basculer vers un autre espace" classname="navigation.spec.ts">
<skipped>
</skipped>
</testcase>
<testcase name="Navigation par rôle › les liens du menu redirigent vers les bonnes pages" classname="navigation.spec.ts">
<skipped>
</skipped>
</testcase>
<testcase name="Navigation par rôle › déconnexion via la sidebar redirige vers /login" classname="navigation.spec.ts">
<skipped>
</skipped>
</testcase>
</testsuite>
<testsuite name="utilisateurs.spec.ts" timestamp="2026-06-27T00:38:52.755Z" hostname="firefox" tests="4" failures="0" skipped="4" time="0" errors="0">
<testcase name="Formulaire création utilisateur (P7 — Admin) › ouvrir le dialogue de création de compte" classname="utilisateurs.spec.ts">
<skipped>
</skipped>
</testcase>
<testcase name="Formulaire création utilisateur (P7 — Admin) › créer un nouvel utilisateur et le voir dans le tableau" classname="utilisateurs.spec.ts">
<skipped>
</skipped>
</testcase>
<testcase name="Formulaire création utilisateur (P7 — Admin) › annuler la création ferme le dialogue sans ajouter d&apos;utilisateur" classname="utilisateurs.spec.ts">
<skipped>
</skipped>
</testcase>
<testcase name="Formulaire création utilisateur (P7 — Admin) › message d&apos;erreur si la création échoue côté API" classname="utilisateurs.spec.ts">
<skipped>
</skipped>
</testcase>
</testsuite>
</testsuites>